<<<<<<< HEAD
\BOOKMARK [1][-]{section.1}{Introduction}{}% 1
\BOOKMARK [2][-]{subsection.1.1}{Background}{section.1}% 2
\BOOKMARK [2][-]{subsection.1.2}{Impact}{section.1}% 3
\BOOKMARK [2][-]{subsection.1.3}{Use Cases}{section.1}% 4
\BOOKMARK [1][-]{section.2}{Existing Work}{}% 5
\BOOKMARK [1][-]{section.3}{Approach}{}% 6
\BOOKMARK [2][-]{subsection.3.1}{Architecture}{section.3}% 7
\BOOKMARK [2][-]{subsection.3.2}{Optimizations}{section.3}% 8
\BOOKMARK [1][-]{section.4}{Results}{}% 9
\BOOKMARK [2][-]{subsection.4.1}{Sequential Optimizations}{section.4}% 10
\BOOKMARK [2][-]{subsection.4.2}{Parallel Optimizations}{section.4}% 11
\BOOKMARK [1][-]{section.5}{Conclusion}{}% 12
=======
\BOOKMARK [1][-]{section.1}{Introduction}{}% 1
\BOOKMARK [2][-]{subsection.1.1}{Impact}{section.1}% 2
\BOOKMARK [2][-]{subsection.1.2}{Use Cases}{section.1}% 3
\BOOKMARK [1][-]{section.2}{Background}{}% 4
\BOOKMARK [2][-]{subsection.2.1}{Triangular Matrices}{section.2}% 5
\BOOKMARK [2][-]{subsection.2.2}{Algorithm Description}{section.2}% 6
\BOOKMARK [2][-]{subsection.2.3}{Access Pattern}{section.2}% 7
\BOOKMARK [1][-]{section.3}{Existing Work}{}% 8
\BOOKMARK [1][-]{section.4}{Approach}{}% 9
\BOOKMARK [2][-]{subsection.4.1}{Architecture}{section.4}% 10
\BOOKMARK [2][-]{subsection.4.2}{Optimizations}{section.4}% 11
\BOOKMARK [1][-]{section.5}{Results}{}% 12
\BOOKMARK [2][-]{subsection.5.1}{Sequential Optimizations}{section.5}% 13
\BOOKMARK [2][-]{subsection.5.2}{Parallel Optimizations}{section.5}% 14
\BOOKMARK [1][-]{section.6}{Conclusion}{}% 15
>>>>>>> 36f274ab19dcce576b1e7f322dc88441edf3de78
